<?xml version="1.0" encoding="UTF-8"?>
<!-- Generated by org.testng.reporters.JUnitXMLReporter -->
<testsuite ignored="0" hostname="DESKTOP-NKC7S6A" failures="0" tests="2" name="testng" time="402.849" errors="0" timestamp="2026-06-12T11:17:39 IST">
  <testcase classname="PBL_SANITY.Page1_ProcessMap_Rejections_PBL" name="processMapRejectionsPage" time="197.539"/>
  <testcase classname="PBL_SANITY.Page2_gelocate_working_hours" name="gelocateWorkingHours" time="192.662"/>
</testsuite> <!-- testng -->
