<?xml version="1.0" encoding="UTF-8"?>
<testng-results ignored="0" total="2" passed="2" failed="0" skipped="0">
  <reporter-output>
  </reporter-output>
  <suite started-at="2026-06-12T11:10:56 IST" name="Suite" finished-at="2026-06-12T11:17:39 IST" duration-ms="402849">
    <groups>
    </groups>
    <test started-at="2026-06-12T11:10:56 IST" name="testng" finished-at="2026-06-12T11:17:39 IST" duration-ms="402849">
      <class name="PBL_SANITY.Page2_gelocate_working_hours">
        <test-method is-config="true" signature="setUp()[pri:0, instance:PBL_SANITY.Page2_gelocate_working_hours@c730b35]" started-at="2026-06-12T11:14:22 IST" name="setUp" finished-at="2026-06-12T11:14:23 IST" duration-ms="1520" status="PASS">
          <reporter-output>
          </reporter-output>
        </test-method> <!-- setUp -->
        <test-method signature="gelocateWorkingHours()[pri:0, instance:PBL_SANITY.Page2_gelocate_working_hours@c730b35]" started-at="2026-06-12T11:14:23 IST" name="gelocateWorkingHours" finished-at="2026-06-12T11:17:36 IST" duration-ms="192662" status="PASS">
          <reporter-output>
          </reporter-output>
        </test-method> <!-- gelocateWorkingHours -->
        <test-method is-config="true" signature="tearDown()[pri:0, instance:PBL_SANITY.Page2_gelocate_working_hours@c730b35]" started-at="2026-06-12T11:17:36 IST" name="tearDown" finished-at="2026-06-12T11:17:39 IST" duration-ms="3081" status="PASS">
          <reporter-output>
          </reporter-output>
        </test-method> <!-- tearDown -->
      </class> <!-- PBL_SANITY.Page2_gelocate_working_hours -->
      <class name="PBL_SANITY.Page1_ProcessMap_Rejections_PBL">
        <test-method is-config="true" signature="setUp()[pri:0, instance:PBL_SANITY.Page1_ProcessMap_Rejections_PBL@5c6648b0]" started-at="2026-06-12T11:10:57 IST" name="setUp" finished-at="2026-06-12T11:11:01 IST" duration-ms="4126" status="PASS">
          <reporter-output>
          </reporter-output>
        </test-method> <!-- setUp -->
        <test-method signature="processMapRejectionsPage()[pri:0, instance:PBL_SANITY.Page1_ProcessMap_Rejections_PBL@5c6648b0]" started-at="2026-06-12T11:11:01 IST" name="processMapRejectionsPage" finished-at="2026-06-12T11:14:19 IST" duration-ms="197539" status="PASS">
          <reporter-output>
          </reporter-output>
        </test-method> <!-- processMapRejectionsPage -->
        <test-method is-config="true" signature="tearDown()[pri:0, instance:PBL_SANITY.Page1_ProcessMap_Rejections_PBL@5c6648b0]" started-at="2026-06-12T11:14:19 IST" name="tearDown" finished-at="2026-06-12T11:14:22 IST" duration-ms="2796" status="PASS">
          <reporter-output>
          </reporter-output>
        </test-method> <!-- tearDown -->
      </class> <!-- PBL_SANITY.Page1_ProcessMap_Rejections_PBL -->
    </test> <!-- testng -->
  </suite> <!-- Suite -->
</testng-results>
