<?xml version="1.0" encoding="UTF-8"?>
<!-- Generated by org.testng.reporters.JUnitReportReporter -->
<testsuite hostname="DESKTOP-NKC7S6A" failures="0" tests="1" name="PBL_SANITY.Project_creation_with_Visio_PDF_Zip_Json_files_In_PBL" time="446.097" errors="0" timestamp="2026-04-21T10:32:11 IST" skipped="0">
  <testcase classname="PBL_SANITY.Project_creation_with_Visio_PDF_Zip_Json_files_In_PBL" name="insorce" time="446.097"/>
  <system-out/>
</testsuite> <!-- PBL_SANITY.Project_creation_with_Visio_PDF_Zip_Json_files_In_PBL -->
